0 info it worked if it ends with ok
1 verbose cli [ 'C:\\Program Files\\nodejs\\node.exe',
1 verbose cli   'C:\\Users\\lefaure\\AppData\\Roaming\\npm\\node_modules\\npm\\bin\\npm-cli.js',
1 verbose cli   'start' ]
2 info using npm@2.12.1
3 info using node@v6.10.0
4 verbose stack Error: missing script: start
4 verbose stack     at run (C:\Users\lefaure\AppData\Roaming\npm\node_modules\npm\lib\run-script.js:142:19)
4 verbose stack     at C:\Users\lefaure\AppData\Roaming\npm\node_modules\npm\lib\run-script.js:58:5
4 verbose stack     at C:\Users\lefaure\AppData\Roaming\npm\node_modules\npm\node_modules\read-package-json\read-json.js:345:5
4 verbose stack     at checkBinReferences_ (C:\Users\lefaure\AppData\Roaming\npm\node_modules\npm\node_modules\read-package-json\read-json.js:309:45)
4 verbose stack     at final (C:\Users\lefaure\AppData\Roaming\npm\node_modules\npm\node_modules\read-package-json\read-json.js:343:3)
4 verbose stack     at then (C:\Users\lefaure\AppData\Roaming\npm\node_modules\npm\node_modules\read-package-json\read-json.js:113:5)
4 verbose stack     at C:\Users\lefaure\AppData\Roaming\npm\node_modules\npm\node_modules\read-package-json\read-json.js:300:12
4 verbose stack     at tryToString (evalmachine.<anonymous>:455:3)
4 verbose stack     at FSReqWrap.readFileAfterClose [as oncomplete] (evalmachine.<anonymous>:442:12)
5 verbose cwd D:\Users\lefaure\Prosodie\Projets\Alexa4Salesforce\alexaServer\apps\health-skill
6 error Windows_NT 6.1.7601
7 error argv "C:\\Program Files\\nodejs\\node.exe" "C:\\Users\\lefaure\\AppData\\Roaming\\npm\\node_modules\\npm\\bin\\npm-cli.js" "start"
8 error node v6.10.0
9 error npm  v2.12.1
10 error missing script: start
11 error If you need help, you may report this error at:
11 error     <https://github.com/npm/npm/issues>
12 verbose exit [ 1, true ]
